[DEBUG] - [2025-11-07 22:33:13] - [connection] connected to mysql server (host: mysql)
[DEBUG] - [2025-11-07 22:33:13] - [service] no user found, creating root user (username: root, password: chatnio123456, email: root@example.com)
[DEBUG] - [2025-11-07 22:33:14] - [connection] connected to redis (host: redis)
[INFO] - [2025-11-07 22:33:14] - [service] seo optimization applied to index.cache.html
[INFO] - [2025-11-07 22:33:14] - [service] pwa manifest applied to site.cache.webmanifest
[DEBUG] - [2025-11-07 23:29:43] - [connection] connected to mysql server (host: mysql)
[DEBUG] - [2025-11-07 23:29:43] - [service] 1 user(s) found, skip creating root user
[DEBUG] - [2025-11-07 23:29:43] - [connection] connected to redis (host: redis)
[INFO] - [2025-11-07 23:29:43] - [service] seo optimization applied to index.cache.html
[INFO] - [2025-11-07 23:29:43] - [service] pwa manifest applied to site.cache.webmanifest
[DEBUG] - [2025-11-08 00:29:21] - [connection] connected to mysql server (host: mysql)
[DEBUG] - [2025-11-08 00:29:21] - [service] 1 user(s) found, skip creating root user
[DEBUG] - [2025-11-08 00:29:21] - [connection] connected to redis (host: redis)
[INFO] - [2025-11-08 00:29:21] - [service] seo optimization applied to index.cache.html
[INFO] - [2025-11-08 00:29:21] - [service] pwa manifest applied to site.cache.webmanifest
[DEBUG] - [2025-11-08 00:42:58] - [connection] connected to mysql server (host: mysql)
[DEBUG] - [2025-11-08 00:42:58] - [service] 1 user(s) found, skip creating root user
[DEBUG] - [2025-11-08 00:42:58] - [connection] connected to redis (host: redis)
[INFO] - [2025-11-08 00:42:58] - [service] seo optimization applied to index.cache.html
[INFO] - [2025-11-08 00:42:58] - [service] pwa manifest applied to site.cache.webmanifest
[DEBUG] - [2025-11-08 01:07:40] - [connection] connected to mysql server (host: mysql)
[DEBUG] - [2025-11-08 01:07:40] - [service] 1 user(s) found, skip creating root user
[DEBUG] - [2025-11-08 01:07:40] - [connection] connected to redis (host: redis)
[INFO] - [2025-11-08 01:07:40] - [service] seo optimization applied to index.cache.html
[INFO] - [2025-11-08 01:07:40] - [service] pwa manifest applied to site.cache.webmanifest
[DEBUG] - [2025-11-08 01:24:33] - [connection] connected to mysql server (host: mysql)
[DEBUG] - [2025-11-08 01:24:33] - [service] 1 user(s) found, skip creating root user
[DEBUG] - [2025-11-08 01:24:33] - [connection] connected to redis (host: redis)
[INFO] - [2025-11-08 01:24:33] - [service] seo optimization applied to index.cache.html
[INFO] - [2025-11-08 01:24:33] - [service] pwa manifest applied to site.cache.webmanifest
[DEBUG] - [2025-11-08 01:35:30] - [connection] connected to mysql server (host: mysql)
[DEBUG] - [2025-11-08 01:35:30] - [service] 1 user(s) found, skip creating root user
[DEBUG] - [2025-11-08 01:35:30] - [connection] connected to redis (host: redis)
[INFO] - [2025-11-08 01:35:30] - [service] seo optimization applied to index.cache.html
[INFO] - [2025-11-08 01:35:30] - [service] pwa manifest applied to site.cache.webmanifest
[DEBUG] - [2025-11-08 12:25:41] - [connection] connected to mysql server (host: mysql)
[DEBUG] - [2025-11-08 12:25:41] - [service] 1 user(s) found, skip creating root user
[DEBUG] - [2025-11-08 12:25:41] - [connection] connected to redis (host: redis)
[INFO] - [2025-11-08 12:25:41] - [service] seo optimization applied to index.cache.html
[INFO] - [2025-11-08 12:25:41] - [service] pwa manifest applied to site.cache.webmanifest
[WARNING] - [2025-11-08 12:28:20] - [connection] failed to connect to mysql server: mysql (message: dial tcp 172.18.0.2:3306: connect: connection refused), will retry in 5 seconds
[WARNING] - [2025-11-08 12:28:25] - [connection] failed to connect to mysql server: mysql (message: dial tcp 172.18.0.2:3306: connect: connection refused), will retry in 5 seconds
[DEBUG] - [2025-11-08 12:28:30] - [connection] connected to mysql server (host: mysql)
[DEBUG] - [2025-11-08 12:28:30] - [service] 1 user(s) found, skip creating root user
[DEBUG] - [2025-11-08 12:28:30] - [connection] connected to redis (host: redis)
[INFO] - [2025-11-08 12:28:30] - [service] seo optimization applied to index.cache.html
[INFO] - [2025-11-08 12:28:30] - [service] pwa manifest applied to site.cache.webmanifest
[WARNING] - [2025-11-08 12:29:10] - [connection] failed to connect to mysql server: mysql (message: dial tcp 172.18.0.3:3306: connect: connection refused), will retry in 5 seconds
[DEBUG] - [2025-11-08 12:29:15] - [connection] connected to mysql server (host: mysql)
[DEBUG] - [2025-11-08 12:29:15] - [service] 1 user(s) found, skip creating root user
[DEBUG] - [2025-11-08 12:29:15] - [connection] connected to redis (host: redis)
[INFO] - [2025-11-08 12:29:15] - [service] seo optimization applied to index.cache.html
[INFO] - [2025-11-08 12:29:15] - [service] pwa manifest applied to site.cache.webmanifest
[WARNING] - [2025-11-08 14:05:36] - [connection] failed to connect to mysql server: mysql (message: dial tcp 172.18.0.3:3306: connect: connection refused), will retry in 5 seconds
[DEBUG] - [2025-11-08 14:05:41] - [connection] connected to mysql server (host: mysql)
[DEBUG] - [2025-11-08 14:05:41] - [service] 1 user(s) found, skip creating root user
[DEBUG] - [2025-11-08 14:05:41] - [connection] connected to redis (host: redis)
[INFO] - [2025-11-08 14:05:41] - [service] seo optimization applied to index.cache.html
[INFO] - [2025-11-08 14:05:41] - [service] pwa manifest applied to site.cache.webmanifest
[WARNING] - [2025-11-08 15:22:16] - [connection] failed to connect to mysql server: mysql (message: dial tcp 172.18.0.3:3306: connect: connection refused), will retry in 5 seconds
[WARNING] - [2025-11-08 15:22:21] - [connection] failed to connect to mysql server: mysql (message: dial tcp 172.18.0.3:3306: connect: connection refused), will retry in 5 seconds
[DEBUG] - [2025-11-08 15:22:26] - [connection] connected to mysql server (host: mysql)
[DEBUG] - [2025-11-08 15:22:26] - [service] 1 user(s) found, skip creating root user
[DEBUG] - [2025-11-08 15:22:26] - [connection] connected to redis (host: redis)
[INFO] - [2025-11-08 15:22:26] - [service] seo optimization applied to index.cache.html
[INFO] - [2025-11-08 15:22:26] - [service] pwa manifest applied to site.cache.webmanifest
[WARNING] - [2025-11-08 15:24:17] - [connection] failed to connect to mysql server: mysql (message: dial tcp 172.18.0.3:3306: connect: connection refused), will retry in 5 seconds
[WARNING] - [2025-11-08 15:24:22] - [connection] failed to connect to mysql server: mysql (message: dial tcp 172.18.0.3:3306: connect: connection refused), will retry in 5 seconds
[DEBUG] - [2025-11-08 15:24:27] - [connection] connected to mysql server (host: mysql)
[DEBUG] - [2025-11-08 15:24:27] - [service] 1 user(s) found, skip creating root user
[DEBUG] - [2025-11-08 15:24:27] - [connection] connected to redis (host: redis)
[INFO] - [2025-11-08 15:24:27] - [service] seo optimization applied to index.cache.html
[INFO] - [2025-11-08 15:24:27] - [service] pwa manifest applied to site.cache.webmanifest
[DEBUG] - [2025-11-08 15:25:57] - [connection] connected to mysql server (host: mysql)
[DEBUG] - [2025-11-08 15:25:57] - [service] 1 user(s) found, skip creating root user
[DEBUG] - [2025-11-08 15:25:58] - [connection] connected to redis (host: redis)
[INFO] - [2025-11-08 15:25:58] - [service] seo optimization applied to index.cache.html
[INFO] - [2025-11-08 15:25:58] - [service] pwa manifest applied to site.cache.webmanifest
[DEBUG] - [2025-11-08 16:01:28] - [connection] connected to mysql server (host: mysql)
[DEBUG] - [2025-11-08 16:01:28] - [service] 1 user(s) found, skip creating root user
[DEBUG] - [2025-11-08 16:01:28] - [connection] connected to redis (host: redis)
[INFO] - [2025-11-08 16:01:28] - [service] seo optimization applied to index.cache.html
[INFO] - [2025-11-08 16:01:28] - [service] pwa manifest applied to site.cache.webmanifest
